<?xml version="1.0" encoding="UTF-8"?>
<beans xmlns="http://www.springframework.org/schema/beans"
  xmlns:xsi="http://www.w3.org/2001/XMLSchema-instance"
  xsi:schemaLocation="http://www.springframework.org/schema/beans
           http://www.springframework.org/schema/beans/spring-beans-3.0.xsd">

  <bean id="dataSource" class="org.springframework.jdbc.datasource.SimpleDriverDataSource">
    <!-- XML을 이용한 DB 연결정보 설정 -->
    <property name="driverClass" value="org.h2.Driver"/>
    <property name="url" value="jdbc:h2:~/testdb"/>
    <property name="username" value="sa"/>
    <property name="password" value=""/>
  </bean>

  <bean id="jdbcContext" class="springbook.user.dao.JdbcContext">
    <property name="dataSource" ref="dataSource"/>
  </bean>

  <bean id="userDao" class="springbook.user.dao.UserDao">
    <property name="dataSource" ref="dataSource"/>
    <property name="jdbcContext" ref="jdbcContext"/>
  </bean>
</beans>