<?xml version="1.0" encoding="UTF-8"?>
<beans xmlns="http://www.springframework.org/schema/beans"
  xmlns:xsi="http://www.w3.org/2001/XMLSchema-instance"
  xsi:schemaLocation="http://www.springframework.org/schema/beans
           http://www.springframework.org/schema/beans/spring-beans-3.0.xsd">

  <bean id="dataSource" class="org.springframework.jdbc.datasource.SimpleDriverDataSource">
    <!-- XML을 이용한 DB 연결정보 설정 -->
    <property name="driverClass" value="org.h2.Driver"/>
    <property name="url" value="jdbc:h2:~/testdb"/>
    <property name="username" value="sa"/>
    <property name="password" value=""/>
  </bean>

  <bean id="jdbcTemplate" class="org.springframework.jdbc.core.JdbcTemplate">
    <!-- XML을 이용한 DB 연결정보 설정 -->
    <property name="dataSource" ref="dataSource"/>
  </bean>

  <bean id="userDao" class="springbook.user.dao.UserDaoJdbc">
    <!--<property name="dataSource" ref="dataSource"/>-->
    <property name="jdbcTemplate" ref="jdbcTemplate"/>
  </bean>

  <bean id="userService" class="springbook.proxy.TxProxyFactoryBean">
    <property name="target" ref="userServiceImpl"/>
    <property name="transactionManager" ref="transactionManager"/>
    <property name="pattern" value="upgradeLevels"/>
    <!--
     Class 타입은 value를 이용해 클래스 또는 인터페이스의 이름을 넣어주면 됨.
     스프링은 setter method의 파라미터의타입을 확인해서 프로퍼티의 타입이 Class인 경우 value로 설정한 이름을 가진
     Class 오브젝트로 자동 변환해줌.
      -->
    <property name="serviceInterface" value="springbook.user.service.UserService"/>
  </bean>

  <bean id="userServiceImpl" class="springbook.user.service.UserServiceImpl">
    <!-- DI 받도록 property 추가 -->
    <property name="userDao" ref="userDao"/>
    <property name="mailSender" ref="mailSender"/>
  </bean>

  <bean id="transactionManager"
    class="org.springframework.jdbc.datasource.DataSourceTransactionManager">
    <!--class="org.springframework.transaction.jta.JtaTransactionManager">-->
    <property name="dataSource" ref="dataSource"/>
  </bean>

  <bean id="mailSender" class="springbook.user.service.DummyMailSender"/>
</beans>